2023-07-13 14:26:14,225 - root - INFO - 

--- Iniciando o teste para gerar relatórios ---
2023-07-13 14:26:14,225 - root - INFO - --- D:\Projetos\icmbio\tmp\20230208_cross_entropy_100_epoch_weights_1\segnet256_test_result.npz ---
2023-07-13 14:26:25,045 - root - INFO - --- Accuracy: 81.25010132789612 ---
2023-07-13 14:26:25,046 - root - INFO - --- Geranco a Matriz de Confusão ---
2023-07-13 14:26:36,573 - root - INFO - --- Exportando Matriz de Confusão ---
2023-07-13 14:26:37,220 - root - INFO - --- Convertendo Array para Tensor ---
2023-07-13 14:27:51,817 - root - INFO - --- Accuracy: 0.812501072883606	 IoU: 0.4809219539165497	 Kappa: 0.7563384072866095 ---
2023-07-13 14:27:51,817 - root - INFO - --- IoU by Class: [0.66062726 0.78001548 0.17418226 0.7024853  0.66503461 0.70044653
 0.41719366 0.17050886 0.05780377] ---
2023-07-13 14:31:24,163 - root - INFO - --- Relatório ---
                 precision    recall  f1-score   support

Desenvolvimento       0.79      0.80      0.80  17035895
       Floresta       0.89      0.87      0.88  60729653
        Piscina       0.18      0.89      0.30    251264
         Sombra       0.86      0.80      0.83  11518048
    Regeneração       0.73      0.89      0.80  35927788
    Agricultura       0.82      0.83      0.82  28838187
          Rocha       0.86      0.45      0.59   9374260
   Solo Exposto       0.56      0.20      0.29   3166452
           Água       0.45      0.06      0.11    930613

       accuracy                           0.81 167772160
      macro avg       0.68      0.64      0.60 167772160
   weighted avg       0.82      0.81      0.81 167772160


2023-07-13 14:31:24,267 - root - INFO - 

--- Iniciando o teste para gerar relatórios ---
2023-07-13 14:31:24,267 - root - INFO - --- D:\Projetos\icmbio\tmp\20230209_cross_entropy_100_epoch_weights_calc\segnet256_test_result.npz ---
2023-07-13 14:31:34,906 - root - INFO - --- Accuracy: 65.16518354415894 ---
2023-07-13 14:31:34,906 - root - INFO - --- Geranco a Matriz de Confusão ---
2023-07-13 14:31:45,749 - root - INFO - --- Exportando Matriz de Confusão ---
2023-07-13 14:31:46,280 - root - INFO - --- Convertendo Array para Tensor ---
2023-07-13 14:33:00,640 - root - INFO - --- Accuracy: 0.6516518592834473	 IoU: 0.4041043221950531	 Kappa: 0.5740836032518157 ---
2023-07-13 14:33:00,640 - root - INFO - --- IoU by Class: [0.57466647 0.6152016  0.17771097 0.54847257 0.39342262 0.54348887
 0.3149271  0.07787279 0.39117602] ---
2023-07-13 14:36:32,926 - root - INFO - --- Relatório ---
                 precision    recall  f1-score   support

Desenvolvimento       0.71      0.76      0.73  17035895
       Floresta       0.89      0.67      0.76  60729653
        Piscina       0.18      0.99      0.30    251264
         Sombra       0.60      0.86      0.71  11518048
    Regeneração       0.80      0.44      0.56  35927788
    Agricultura       0.66      0.76      0.70  28838187
          Rocha       0.37      0.69      0.48   9374260
   Solo Exposto       0.09      0.40      0.14   3166452
           Água       0.46      0.73      0.56    930613

       accuracy                           0.65 167772160
      macro avg       0.53      0.70      0.55 167772160
   weighted avg       0.74      0.65      0.67 167772160


2023-07-13 14:36:33,077 - root - INFO - 

--- Iniciando o teste para gerar relatórios ---
2023-07-13 14:36:33,078 - root - INFO - --- D:\Projetos\icmbio\tmp\20230217_cross_entropy_100_epoch_weights_calc\segnet256_test_result.npz ---
2023-07-13 14:36:44,460 - root - INFO - --- Accuracy: 76.31037178493682 ---
2023-07-13 14:36:44,460 - root - INFO - --- Geranco a Matriz de Confusão ---
2023-07-13 14:36:55,803 - root - INFO - --- Exportando Matriz de Confusão ---
2023-07-13 14:36:56,315 - root - INFO - --- Convertendo Array para Tensor ---
2023-07-13 14:38:12,785 - root - INFO - --- Accuracy: 0.7631037831306458	 IoU: 0.5694189071655273	 Kappa: 0.7073464742302272 ---
2023-07-13 14:38:12,785 - root - INFO - --- IoU by Class: [0.66352938 0.7372912  0.65678607 0.57971161 0.6627494  0.43445976
 0.16167208 0.65915179] ---
2023-07-13 14:41:54,310 - root - INFO - --- Relatório ---
                 precision    recall  f1-score   support

Desenvolvimento       0.83      0.77      0.80  17287159
       Floresta       0.94      0.77      0.85  64497596
         Sombra       0.69      0.93      0.79  11525775
    Regeneração       0.83      0.66      0.73  35927788
    Agricultura       0.83      0.77      0.80  28838187
          Rocha       0.50      0.77      0.61   9374260
   Solo Exposto       0.17      0.79      0.28   3166452
           Água       0.72      0.89      0.79   5543551

       accuracy                           0.76 176160768
      macro avg       0.69      0.79      0.71 176160768
   weighted avg       0.83      0.76      0.78 176160768


2023-07-13 14:41:54,485 - root - INFO - 

--- Iniciando o teste para gerar relatórios ---
2023-07-13 14:41:54,485 - root - INFO - --- D:\Projetos\icmbio\tmp\20230219_cross_entropy_100_epoch_weights_calc\segnet256_test_result.npz ---
2023-07-13 14:42:05,805 - root - INFO - --- Accuracy: 79.38129618054344 ---
2023-07-13 14:42:05,806 - root - INFO - --- Geranco a Matriz de Confusão ---
2023-07-13 14:42:17,580 - root - INFO - --- Exportando Matriz de Confusão ---
2023-07-13 14:42:18,066 - root - INFO - --- Convertendo Array para Tensor ---
2023-07-13 14:43:36,975 - root - INFO - --- Accuracy: 0.7938129901885986	 IoU: 0.6247257590293884	 Kappa: 0.7441362114908157 ---
2023-07-13 14:43:36,975 - root - INFO - --- IoU by Class: [0.72050558 0.73230667 0.66610525 0.59898597 0.68659539 0.49689214
 0.24899449 0.84742081] ---
2023-07-13 14:47:19,812 - root - INFO - --- Relatório ---
                 precision    recall  f1-score   support

Desenvolvimento       0.84      0.84      0.84  17287159
       Floresta       0.95      0.76      0.85  64497596
         Sombra       0.70      0.92      0.80  11525775
    Regeneração       0.88      0.65      0.75  35927788
    Agricultura       0.72      0.93      0.81  28838187
          Rocha       0.55      0.83      0.66   9374260
   Solo Exposto       0.27      0.73      0.40   3166452
           Água       0.89      0.95      0.92   5543551

       accuracy                           0.79 176160768
      macro avg       0.73      0.83      0.75 176160768
   weighted avg       0.84      0.79      0.80 176160768


2023-07-13 14:47:19,978 - root - INFO - 

--- Iniciando o teste para gerar relatórios ---
2023-07-13 14:47:19,978 - root - INFO - --- D:\Projetos\icmbio\tmp\20230221_cross_entropy_100_epoch_weights_efficientnet\segnet256_test_result.npz ---
2023-07-13 14:47:31,046 - root - INFO - --- Accuracy: 81.11121995108468 ---
2023-07-13 14:47:31,047 - root - INFO - --- Geranco a Matriz de Confusão ---
2023-07-13 14:47:42,669 - root - INFO - --- Exportando Matriz de Confusão ---
2023-07-13 14:47:43,110 - root - INFO - --- Convertendo Array para Tensor ---
2023-07-13 14:49:00,615 - root - INFO - --- Accuracy: 0.8111121654510498	 IoU: 0.6464493870735168	 Kappa: 0.7651054863705506 ---
2023-07-13 14:49:00,616 - root - INFO - --- IoU by Class: [0.73263503 0.77049561 0.64802097 0.57968667 0.77428424 0.49000526
 0.27625252 0.90021462] ---
2023-07-13 14:52:39,865 - root - INFO - --- Relatório ---
                 precision    recall  f1-score   support

Desenvolvimento       0.89      0.81      0.85  17287159
       Floresta       0.96      0.80      0.87  64497596
         Sombra       0.68      0.94      0.79  11525775
    Regeneração       0.86      0.64      0.73  35927788
    Agricultura       0.80      0.96      0.87  28838187
          Rocha       0.52      0.91      0.66   9374260
   Solo Exposto       0.31      0.73      0.43   3166452
           Água       0.96      0.93      0.95   5543551

       accuracy                           0.81 176160768
      macro avg       0.75      0.84      0.77 176160768
   weighted avg       0.85      0.81      0.82 176160768


2023-07-13 14:52:40,008 - root - INFO - 

--- Iniciando o teste para gerar relatórios ---
2023-07-13 14:52:40,008 - root - INFO - --- D:\Projetos\icmbio\tmp\20230626_cross_entropy_100_epoch_no_weights_efficientnet\segnet256_test_result.npz ---
2023-07-13 14:52:51,037 - root - INFO - --- Accuracy: 87.47441598347255 ---
2023-07-13 14:52:51,038 - root - INFO - --- Geranco a Matriz de Confusão ---
2023-07-13 14:53:02,300 - root - INFO - --- Exportando Matriz de Confusão ---
2023-07-13 14:53:02,812 - root - INFO - --- Convertendo Array para Tensor ---
2023-07-13 14:54:23,027 - root - INFO - --- Accuracy: 0.8747441172599792	 IoU: 0.716017484664917	 Kappa: 0.8390641473951749 ---
2023-07-13 14:54:23,027 - root - INFO - --- IoU by Class: [0.78976254 0.83017995 0.73201562 0.7367207  0.82135498 0.60226332
 0.35397004 0.86187277] ---
2023-07-13 14:58:12,244 - root - INFO - --- Relatório ---
                 precision    recall  f1-score   support

Desenvolvimento       0.89      0.87      0.88  17287159
       Floresta       0.92      0.89      0.91  64497596
         Sombra       0.87      0.83      0.85  11525775
    Regeneração       0.82      0.88      0.85  35927788
    Agricultura       0.86      0.95      0.90  28838187
          Rocha       0.80      0.71      0.75   9374260
   Solo Exposto       0.70      0.42      0.52   3166452
           Água       0.98      0.88      0.93   5543551

       accuracy                           0.87 176160768
      macro avg       0.86      0.80      0.82 176160768
   weighted avg       0.88      0.87      0.87 176160768


2023-07-13 14:58:12,340 - root - INFO - 

--- Iniciando o teste para gerar relatórios ---
2023-07-13 14:58:12,340 - root - INFO - --- D:\Projetos\icmbio\tmp\20230711_cross_entropy_100_epoch_segnet_focalloss\segnet256_test_result.npz ---
2023-07-13 14:58:23,222 - root - INFO - --- Accuracy: 82.89043108622234 ---
2023-07-13 14:58:23,223 - root - INFO - --- Geranco a Matriz de Confusão ---
2023-07-13 14:58:34,217 - root - INFO - --- Exportando Matriz de Confusão ---
2023-07-13 14:58:34,657 - root - INFO - --- Convertendo Array para Tensor ---
2023-07-13 14:59:50,316 - root - INFO - --- Accuracy: 0.8289042711257935	 IoU: 0.5823488235473633	 Kappa: 0.7780660631680643 ---
2023-07-13 14:59:50,317 - root - INFO - --- IoU by Class: [0.74684687 0.80755268 0.67552301 0.68161829 0.74276164 0.39536223
 0.18421042 0.42491538] ---
2023-07-13 15:03:29,973 - root - INFO - --- Relatório ---
                 precision    recall  f1-score   support

Desenvolvimento       0.85      0.86      0.86  17287159
       Floresta       0.89      0.90      0.89  64497596
         Sombra       0.89      0.74      0.81  11525775
    Regeneração       0.75      0.89      0.81  35927788
    Agricultura       0.85      0.85      0.85  28838187
          Rocha       0.61      0.53      0.57   9374260
   Solo Exposto       0.52      0.22      0.31   3166452
           Água       0.98      0.43      0.60   5543551

       accuracy                           0.83 176160768
      macro avg       0.79      0.68      0.71 176160768
   weighted avg       0.83      0.83      0.82 176160768


2023-07-13 15:03:30,070 - root - INFO - 

--- Iniciando o teste para gerar relatórios ---
2023-07-13 15:03:30,070 - root - INFO - --- D:\Projetos\icmbio\tmp\20230709_cross_entropy_100_epoch_unet_focalloss\segnet256_test_result.npz ---
2023-07-13 15:03:41,034 - root - INFO - --- Accuracy: 87.16030007316952 ---
2023-07-13 15:03:41,035 - root - INFO - --- Geranco a Matriz de Confusão ---
2023-07-13 15:03:52,580 - root - INFO - --- Exportando Matriz de Confusão ---
2023-07-13 15:03:53,009 - root - INFO - --- Convertendo Array para Tensor ---
2023-07-13 15:05:09,557 - root - INFO - --- Accuracy: 0.8716030120849609	 IoU: 0.7087372541427612	 Kappa: 0.8344303797933573 ---
2023-07-13 15:05:09,558 - root - INFO - --- IoU by Class: [0.78783947 0.8341905  0.73010817 0.72194889 0.807083   0.58184844
 0.32274928 0.8841305 ] ---
2023-07-13 15:08:46,201 - root - INFO - --- Relatório ---
                 precision    recall  f1-score   support

Desenvolvimento       0.90      0.86      0.88  17287159
       Floresta       0.91      0.91      0.91  64497596
         Sombra       0.89      0.80      0.84  11525775
    Regeneração       0.80      0.88      0.84  35927788
    Agricultura       0.85      0.94      0.89  28838187
          Rocha       0.81      0.67      0.74   9374260
   Solo Exposto       0.75      0.36      0.49   3166452
           Água       0.99      0.89      0.94   5543551

       accuracy                           0.87 176160768
      macro avg       0.86      0.79      0.82 176160768
   weighted avg       0.87      0.87      0.87 176160768


